adam@desktop:~/dev$ bash local_scripts/install.sh 
local_scripts/install.sh: line 3: ./utils/global/fct.sh: No such file or directory
git version 2.43.0
Hi AdamRse! You've successfully authenticated, but GitHub does not provide shell access.
Authentification GitHub réussie
local_scripts/install.sh: line 28: ask_yn: command not found
local_scripts/install.sh: line 81: ask_yn: command not found
Mise a jour des dépendances
Atteint :1 http://archive.ubuntu.com/ubuntu noble InRelease
Réception de :2 http://archive.ubuntu.com/ubuntu noble-updates InRelease [126 kB]            
Atteint :3 http://archive.ubuntu.com/ubuntu noble-backports InRelease                        
Atteint :4 http://security.ubuntu.com/ubuntu noble-security InRelease
126 ko réceptionnés en 1s (219 ko/s)                       
Lecture des listes de paquets... Fait
Construction de l'arbre des dépendances... Fait
Lecture des informations d'état... Fait      
1 paquet peut être mis à jour. Exécutez « apt list --upgradable » pour le voir.
Lecture des listes de paquets... Fait
Construction de l'arbre des dépendances... Fait
Lecture des informations d'état... Fait      
E: Impossible de trouver le paquet xrandr
E: Impossible de trouver le paquet pactl
Lecture des listes de paquets... Fait
Construction de l'arbre des dépendances... Fait
Lecture des informations d'état... Fait      
ca-certificates est déjà la version la plus récente (20240203).
ca-certificates passé en « installé manuellement ».
software-properties-common est déjà la version la plus récente (0.99.49.2).
software-properties-common passé en « installé manuellement ».
curl est déjà la version la plus récente (8.5.0-2ubuntu10.6).
curl passé en « installé manuellement ».
lsb-release est déjà la version la plus récente (12.0-2).
lsb-release passé en « installé manuellement ».
Les NOUVEAUX paquets suivants seront installés :
  apt-transport-https
0 mis à jour, 1 nouvellement installés, 0 à enlever et 1 non mis à jour.
Il est nécessaire de prendre 3 970 o dans les archives.
Après cette opération, 36,9 ko d'espace disque supplémentaires seront utilisés.
Réception de :1 http://archive.ubuntu.com/ubuntu noble-updates/universe amd64 apt-transport-https all 2.8.3 [3 970 B]
3 970 o réceptionnés en 0s (53,4 ko/s)              
Sélection du paquet apt-transport-https précédemment désélectionné.
(Lecture de la base de données... 236295 fichiers et répertoires déjà installés.)
Préparation du dépaquetage de .../apt-transport-https_2.8.3_all.deb ...
Dépaquetage de apt-transport-https (2.8.3) ...
Paramétrage de apt-transport-https (2.8.3) ...
--2025-06-02 19:53:54--  https://packages.sury.org/php/apt.gpg
Resolving packages.sury.org (packages.sury.org)... 2a04:4e42:54::820, 199.232.83.52
Connecting to packages.sury.org (packages.sury.org)|2a04:4e42:54::820|:443... connected.
HTTP request sent, awaiting response... 200 OK
Length: 1769 (1,7K) [application/octet-stream]
Saving to: ‘/etc/apt/trusted.gpg.d/php.gpg’

/etc/apt/trusted.gpg.d/php. 100%[=========================================>]   1,73K  --.-KB/s    in 0s      

2025-06-02 19:53:54 (97,7 MB/s) - ‘/etc/apt/trusted.gpg.d/php.gpg’ saved [1769/1769]

deb https://packages.sury.org/php/ noble main
Atteint :1 http://archive.ubuntu.com/ubuntu noble InRelease
Err :2 https://packages.sury.org/php noble InRelease                                         
  418  I'm a teapot [IP : 2a04:4e42:54::820 443]
Atteint :3 http://archive.ubuntu.com/ubuntu noble-updates InRelease                          
Atteint :4 http://archive.ubuntu.com/ubuntu noble-backports InRelease                        
Atteint :5 http://security.ubuntu.com/ubuntu noble-security InRelease                        
Lecture des listes de paquets... Fait                      
E: Impossible de récupérer https://packages.sury.org/php/dists/noble/InRelease  418  I'm a teapot [IP : 2a04:4e42:54::820 443]
E: Le dépôt https://packages.sury.org/php noble InRelease n'est pas signé.
N: Les mises à jour depuis un tel dépôt ne peuvent s'effectuer de manière sécurisée, et sont donc désactivées par défaut.
N: Voir les pages de manuel d'apt-secure(8) pour la création des dépôts et les détails de configuration d'un utilisateur.
Mise a jour des dépendances
Lecture des listes de paquets... Fait
Construction de l'arbre des dépendances... Fait
Lecture des informations d'état... Fait      
steam:i386 est déjà la version la plus récente (1:1.0.0.79~ds-2).
snapd est déjà la version la plus récente (2.67.1+24.04).
snapd passé en « installé manuellement ».
ufw est déjà la version la plus récente (0.36.2-6).
ufw passé en « installé manuellement ».
python3 est déjà la version la plus récente (3.12.3-0ubuntu2).
python3 passé en « installé manuellement ».
kate est déjà la version la plus récente (4:23.08.5-0ubuntu3).
kate passé en « installé manuellement ».
ffmpeg est déjà la version la plus récente (7:6.1.1-3ubuntu5).
ffmpeg passé en « installé manuellement ».
Les paquets supplémentaires suivants seront installés : 
  ca-certificates-java default-jre default-jre-headless filezilla-common firebird3.0-common
  firebird3.0-common-doc firebird3.0-server-core firebird3.0-utils fonts-crosextra-caladea
  fonts-crosextra-carlito fonts-dejavu fonts-dejavu-extra fonts-freefont-ttf fonts-liberation2
  fonts-linuxlibertine fonts-noto-extra fonts-sil-gentium fonts-sil-gentium-basic gimp-data
  gir1.2-dbusmenu-glib-0.4 gir1.2-dee-1.0 gir1.2-gudev-1.0 gir1.2-unity-7.0 graphviz java-common jsonlint
  libamd3 libann0 libatk-wrapper-java libatk-wrapper-java-jni libbabl-0.1-0 libbsh-java libcamd3 libccolamd3
  libcdt5 libcgraph6 libcholmod5 libdee-1.0-4 libel-api-java libfbclient2 libfilezilla-common
  libfilezilla42t64 libflatpak0 libgegl-0.4-0t64 libgegl-common libgexiv2-2 libgimp2.0t64 libgts-0.7-5t64
  libgts-bin libgvc6 libgvpr2 libhsqldb1.8.0-java libib-util libjsp-api-java liblab-gamut1
  liblibreoffice-java libmalcontent-0-0 libmypaint-1.5-1 libmypaint-common libmysqlclient21 libostree-1-1
  libpathplan4 libpcre2-32-0 libpq5 libpugixml1v5 libreoffice-base libreoffice-base-drivers
  libreoffice-java-common libreoffice-nlpsolver libreoffice-report-builder libreoffice-report-builder-bin
  libreoffice-script-provider-bsh libreoffice-script-provider-js libreoffice-script-provider-python
  libreoffice-sdbc-firebird libreoffice-sdbc-hsqldb libreoffice-sdbc-mysql libreoffice-sdbc-postgresql
  libreoffice-uiconfig-base libreoffice-uiconfig-report-builder libreoffice-wiki-publisher
  libservlet-api-java libservlet3.1-java libumfpack6 libunity-protocol-private0
  libunity-scopes-json-def-desktop libunity9 libunoloader-java libwebsocket-api-java libwmf-0.2-7
  libwmflite-0.2-7 libwxbase3.2-1t64 libwxgtk3.2-1t64 mysql-common nginx-common openjdk-21-jre
  openjdk-21-jre-headless p11-kit p11-kit-modules php-cli php-common php-composer-ca-bundle
  php-composer-class-map-generator php-composer-metadata-minifier php-composer-pcre php-composer-semver
  php-composer-spdx-licenses php-composer-xdebug-handler php-curl php-intl php-json-schema php-mbstring
  php-psr-container php-psr-log php-react-promise php-seld-signal-handler php-symfony-console
  php-symfony-deprecation-contracts php-symfony-filesystem php-symfony-finder php-symfony-process
  php-symfony-service-contracts php-symfony-string php-zip php8.3-cli php8.3-common php8.3-curl php8.3-intl
  php8.3-mbstring php8.3-opcache php8.3-readline php8.3-zip ure-java vlc-bin vlc-l10n
  vlc-plugin-access-extra vlc-plugin-notify vlc-plugin-qt vlc-plugin-samba vlc-plugin-skins2
  vlc-plugin-video-splitter vlc-plugin-visualization xdg-dbus-proxy
Paquets suggérés :
  fossil mercurial subversion firebird3.0-server firebird3.0-doc malcontent-gui gimp-help-en | gimp-help
  gimp-data-extras gvfs-backends gsfonts graphviz-doc java-virtual-machine libhsqldb1.8.0-java-gcj gpa
  imagemagick | graphicsmagick-imagemagick-compat libreoffice-grammarcheck libreoffice-help libreoffice-l10n
  libreoffice-librelogo myspell-dictionary mythes-thesaurus openclipart-libreoffice pstoedit unixodbc
  gstreamer1.0-plugins-ugly gstreamer1.0-plugins-bad gstreamer1.0-libav libofficebean-java
  python3-access2base libjtds-java libsqliteodbc | tdsodbc | odbc-mdbtools libreoffice-help-common
  default-mysql-server | virtual-mysql-server postgresql mediawiki unity-common libwmf-0.2-7-gtk fcgiwrap
  nginx-doc fonts-ipafont-gothic fonts-ipafont-mincho fonts-wqy-microhei | fonts-wqy-zenhei fonts-indic
  php-pear vlc-plugin-fluidsynth vlc-plugin-jack vlc-plugin-pipewire vlc-plugin-svg
Les NOUVEAUX paquets suivants seront installés :
  btop ca-certificates-java composer default-jre default-jre-headless filezilla filezilla-common
  firebird3.0-common firebird3.0-common-doc firebird3.0-server-core firebird3.0-utils flatpak
  fonts-crosextra-caladea fonts-crosextra-carlito fonts-dejavu fonts-dejavu-extra fonts-freefont-ttf
  fonts-liberation2 fonts-linuxlibertine fonts-noto-extra fonts-sil-gentium fonts-sil-gentium-basic gimp
  gimp-data gir1.2-dbusmenu-glib-0.4 gir1.2-dee-1.0 gir1.2-gudev-1.0 gir1.2-unity-7.0 graphviz java-common
  jsonlint kde-config-flatpak libamd3 libann0 libatk-wrapper-java libatk-wrapper-java-jni libbabl-0.1-0
  libbsh-java libcamd3 libccolamd3 libcdt5 libcgraph6 libcholmod5 libdee-1.0-4 libel-api-java libfbclient2
  libfilezilla-common libfilezilla42t64 libflatpak0 libgegl-0.4-0t64 libgegl-common libgexiv2-2
  libgimp2.0t64 libgts-0.7-5t64 libgts-bin libgvc6 libgvpr2 libhsqldb1.8.0-java libib-util libjsp-api-java
  liblab-gamut1 liblibreoffice-java libmalcontent-0-0 libmypaint-1.5-1 libmypaint-common libmysqlclient21
  libostree-1-1 libpathplan4 libpcre2-32-0 libpq5 libpugixml1v5 libreoffice libreoffice-base
  libreoffice-base-drivers libreoffice-java-common libreoffice-nlpsolver libreoffice-report-builder
  libreoffice-report-builder-bin libreoffice-script-provider-bsh libreoffice-script-provider-js
  libreoffice-script-provider-python libreoffice-sdbc-firebird libreoffice-sdbc-hsqldb
  libreoffice-sdbc-mysql libreoffice-sdbc-postgresql libreoffice-uiconfig-base
  libreoffice-uiconfig-report-builder libreoffice-wiki-publisher libservlet-api-java libservlet3.1-java
  libumfpack6 libunity-protocol-private0 libunity-scopes-json-def-desktop libunity9 libunoloader-java
  libwebsocket-api-java libwmf-0.2-7 libwmflite-0.2-7 libwxbase3.2-1t64 libwxgtk3.2-1t64 mysql-common nginx
  nginx-common openjdk-21-jre openjdk-21-jre-headless p11-kit p11-kit-modules php-cli php-common
  php-composer-ca-bundle php-composer-class-map-generator php-composer-metadata-minifier php-composer-pcre
  php-composer-semver php-composer-spdx-licenses php-composer-xdebug-handler php-curl php-intl
  php-json-schema php-mbstring php-psr-container php-psr-log php-react-promise php-seld-signal-handler
  php-symfony-console php-symfony-deprecation-contracts php-symfony-filesystem php-symfony-finder
  php-symfony-process php-symfony-service-contracts php-symfony-string php-zip php8.3-cli php8.3-common
  php8.3-curl php8.3-intl php8.3-mbstring php8.3-opcache php8.3-readline php8.3-zip tree ure-java
  usb-creator-gtk vlc vlc-bin vlc-l10n vlc-plugin-access-extra vlc-plugin-notify vlc-plugin-qt
  vlc-plugin-samba vlc-plugin-skins2 vlc-plugin-video-splitter vlc-plugin-visualization xdg-dbus-proxy
0 mis à jour, 154 nouvellement installés, 0 à enlever et 1 non mis à jour.
Il est nécessaire de prendre 211 Mo dans les archives.
Après cette opération, 903 Mo d'espace disque supplémentaires seront utilisés.
Réception de :1 http://archive.ubuntu.com/ubuntu noble/universe amd64 btop amd64 1.3.0-1 [566 kB]
Réception de :2 http://archive.ubuntu.com/ubuntu noble/main amd64 ca-certificates-java all 20240118 [11,6 kB]
Réception de :3 http://archive.ubuntu.com/ubuntu noble/main amd64 php-common all 2:93ubuntu2 [13,9 kB]
Réception de :4 http://archive.ubuntu.com/ubuntu noble-updates/main amd64 php8.3-common amd64 8.3.6-0ubuntu0.24.04.4 [740 kB]
Réception de :5 http://archive.ubuntu.com/ubuntu noble-updates/main amd64 php8.3-opcache amd64 8.3.6-0ubuntu0.24.04.4 [372 kB]
Réception de :6 http://archive.ubuntu.com/ubuntu noble-updates/main amd64 php8.3-readline amd64 8.3.6-0ubuntu0.24.04.4 [13,5 kB]
Réception de :7 http://archive.ubuntu.com/ubuntu noble-updates/main amd64 php8.3-cli amd64 8.3.6-0ubuntu0.24.04.4 [1 915 kB]
Réception de :8 http://archive.ubuntu.com/ubuntu noble/main amd64 php-cli all 2:8.3+93ubuntu2 [4 584 B]
Réception de :9 http://archive.ubuntu.com/ubuntu noble/universe amd64 php-composer-ca-bundle all 1.4.1-1 [11,1 kB]
Réception de :10 http://archive.ubuntu.com/ubuntu noble/universe amd64 php-symfony-finder all 6.4.5+dfsg-3ubuntu3 [32,0 kB]
Réception de :11 http://archive.ubuntu.com/ubuntu noble/universe amd64 php-composer-pcre all 3.1.1-1 [10,2 kB]
Réception de :12 http://archive.ubuntu.com/ubuntu noble/universe amd64 php-composer-class-map-generator all 1.1.0-2 [10,5 kB]
Réception de :13 http://archive.ubuntu.com/ubuntu noble/universe amd64 php-composer-metadata-minifier all 1.0.0-2 [3 594 B]
Réception de :14 http://archive.ubuntu.com/ubuntu noble/universe amd64 php-composer-semver all 3.4.0-1 [19,2 kB]
Réception de :15 http://archive.ubuntu.com/ubuntu noble/universe amd64 php-composer-spdx-licenses all 1.5.8-1 [15,4 kB]
Réception de :16 http://archive.ubuntu.com/ubuntu noble/universe amd64 php-psr-log all 3.0.0-1 [6 862 B]
Réception de :17 http://archive.ubuntu.com/ubuntu noble/universe amd64 php-composer-xdebug-handler all 3.0.3-3 [16,6 kB]
Réception de :18 http://archive.ubuntu.com/ubuntu noble/universe amd64 php-json-schema all 5.2.13-1 [33,8 kB]
Réception de :19 http://archive.ubuntu.com/ubuntu noble/universe amd64 jsonlint all 1.10.2-1 [13,7 kB]
Réception de :20 http://archive.ubuntu.com/ubuntu noble/universe amd64 php-symfony-deprecation-contracts all 3.4.1-4 [5 668 B]
Réception de :21 http://archive.ubuntu.com/ubuntu noble-updates/main amd64 php8.3-mbstring amd64 8.3.6-0ubuntu0.24.04.4 [512 kB]
Réception de :22 http://archive.ubuntu.com/ubuntu noble/universe amd64 php-mbstring all 2:8.3+93ubuntu2 [1 848 B]
Réception de :23 http://archive.ubuntu.com/ubuntu noble/universe amd64 php-psr-container all 2.0.2-1 [3 878 B]
Réception de :24 http://archive.ubuntu.com/ubuntu noble/universe amd64 php-symfony-service-contracts all 3.4.1-4 [10,0 kB]
Réception de :25 http://archive.ubuntu.com/ubuntu noble-updates/universe amd64 php8.3-intl amd64 8.3.6-0ubuntu0.24.04.4 [157 kB]
Réception de :26 http://archive.ubuntu.com/ubuntu noble/universe amd64 php-intl all 2:8.3+93ubuntu2 [1 846 B]
Réception de :27 http://archive.ubuntu.com/ubuntu noble/universe amd64 php-symfony-string all 6.4.5+dfsg-3ubuntu3 [44,0 kB]
Réception de :28 http://archive.ubuntu.com/ubuntu noble/universe amd64 php-symfony-console all 6.4.5+dfsg-3ubuntu3 [96,7 kB]
Réception de :29 http://archive.ubuntu.com/ubuntu noble/universe amd64 php-symfony-filesystem all 6.4.5+dfsg-3ubuntu3 [30,7 kB]
Réception de :30 http://archive.ubuntu.com/ubuntu noble/universe amd64 php-symfony-process all 6.4.5+dfsg-3ubuntu3 [37,4 kB]
Réception de :31 http://archive.ubuntu.com/ubuntu noble/universe amd64 php-react-promise all 3.1.0-1 [18,5 kB]
Réception de :32 http://archive.ubuntu.com/ubuntu noble/universe amd64 php-seld-signal-handler all 2.0.2-1 [10,0 kB]
Réception de :33 http://archive.ubuntu.com/ubuntu noble/universe amd64 composer all 2.7.1-2 [471 kB]
Réception de :34 http://archive.ubuntu.com/ubuntu noble/main amd64 java-common all 0.75+exp1 [6 798 B]
Réception de :35 http://archive.ubuntu.com/ubuntu noble-updates/main amd64 openjdk-21-jre-headless amd64 21.0.7+6~us1-0ubuntu1~24.04 [46,4 MB]
Réception de :36 http://archive.ubuntu.com/ubuntu noble/main amd64 default-jre-headless amd64 2:1.21-75+exp1 [3 094 B]
Réception de :37 http://archive.ubuntu.com/ubuntu noble-updates/main amd64 openjdk-21-jre amd64 21.0.7+6~us1-0ubuntu1~24.04 [227 kB]
Réception de :38 http://archive.ubuntu.com/ubuntu noble/main amd64 default-jre amd64 2:1.21-75+exp1 [922 B]
Réception de :39 http://archive.ubuntu.com/ubuntu noble/universe amd64 filezilla-common all 3.66.5-2build2 [2 396 kB]
Réception de :40 http://archive.ubuntu.com/ubuntu noble-updates/universe amd64 libfilezilla-common all 0.46.0-3.1ubuntu0.1 [76,1 kB]
Réception de :41 http://archive.ubuntu.com/ubuntu noble-updates/universe amd64 libfilezilla42t64 amd64 0.46.0-3.1ubuntu0.1 [299 kB]
Réception de :42 http://archive.ubuntu.com/ubuntu noble/universe amd64 libpugixml1v5 amd64 1.14-0.1build1 [91,9 kB]
Réception de :43 http://archive.ubuntu.com/ubuntu noble-updates/main amd64 libpcre2-32-0 amd64 10.42-4ubuntu2.1 [197 kB]
Réception de :44 http://archive.ubuntu.com/ubuntu noble/universe amd64 libwxbase3.2-1t64 amd64 3.2.4+dfsg-4build1 [899 kB]
Réception de :45 http://archive.ubuntu.com/ubuntu noble/universe amd64 libwxgtk3.2-1t64 amd64 3.2.4+dfsg-4build1 [4 535 kB]
Réception de :46 http://archive.ubuntu.com/ubuntu noble/universe amd64 filezilla amd64 3.66.5-2build2 [1 911 kB]
Réception de :47 http://archive.ubuntu.com/ubuntu noble/universe amd64 firebird3.0-common-doc all 3.0.11.33703.ds4-2ubuntu2 [28,5 kB]
Réception de :48 http://archive.ubuntu.com/ubuntu noble/universe amd64 firebird3.0-common all 3.0.11.33703.ds4-2ubuntu2 [15,5 kB]
Réception de :49 http://archive.ubuntu.com/ubuntu noble/universe amd64 libfbclient2 amd64 3.0.11.33703.ds4-2ubuntu2 [549 kB]
Réception de :50 http://archive.ubuntu.com/ubuntu noble/universe amd64 libib-util amd64 3.0.11.33703.ds4-2ubuntu2 [3 270 B]
Err :51 http://archive.ubuntu.com/ubuntu noble/universe amd64 firebird3.0-server-core amd64 3.0.11.33703.ds4-2ubuntu2
  403  Forbidden [IP : 2620:2d:4000:1::103 80]
Err :52 http://archive.ubuntu.com/ubuntu noble/universe amd64 firebird3.0-utils amd64 3.0.11.33703.ds4-2ubuntu2
  403  Forbidden [IP : 2620:2d:4000:1::103 80]
Err :53 http://archive.ubuntu.com/ubuntu noble/main amd64 xdg-dbus-proxy amd64 0.1.5-1build2
  403  Forbidden [IP : 2620:2d:4000:1::103 80]
Err :54 http://archive.ubuntu.com/ubuntu noble-updates/main amd64 libmalcontent-0-0 amd64 0.11.1-1ubuntu1.1
  403  Forbidden [IP : 2620:2d:4000:1::103 80]
Err :55 http://archive.ubuntu.com/ubuntu noble/universe amd64 libostree-1-1 amd64 2024.5-1build2
  403  Forbidden [IP : 2620:2d:4000:1::103 80]
Ign :56 http://archive.ubuntu.com/ubuntu noble-updates/universe amd64 flatpak amd64 1.14.6-1ubuntu0.1
Ign :57 http://archive.ubuntu.com/ubuntu noble/universe amd64 fonts-crosextra-caladea all 20200211-2
Ign :58 http://archive.ubuntu.com/ubuntu noble/universe amd64 fonts-crosextra-carlito all 20230309-2
Ign :59 http://archive.ubuntu.com/ubuntu noble/main amd64 fonts-dejavu-extra all 2.37-8
Ign :60 http://archive.ubuntu.com/ubuntu noble/universe amd64 fonts-dejavu all 2.37-8
Ign :61 http://archive.ubuntu.com/ubuntu noble/main amd64 fonts-freefont-ttf all 20211204+svn4273-2
Ign :62 http://archive.ubuntu.com/ubuntu noble/universe amd64 fonts-liberation2 all 1:2.1.5-3
Ign :63 http://archive.ubuntu.com/ubuntu noble/universe amd64 fonts-linuxlibertine all 5.3.0-6
Ign :64 http://archive.ubuntu.com/ubuntu noble/universe amd64 fonts-noto-extra all 20201225-2 
Ign :65 http://archive.ubuntu.com/ubuntu noble/universe amd64 fonts-sil-gentium all 20081126:1.03-4
Ign :66 http://archive.ubuntu.com/ubuntu noble/universe amd64 fonts-sil-gentium-basic all 1.102-1.1
Err :67 http://archive.ubuntu.com/ubuntu noble/universe amd64 libbabl-0.1-0 amd64 1:0.1.108-1 
  403  Forbidden [IP : 2620:2d:4000:1::103 80]
Err :68 http://archive.ubuntu.com/ubuntu noble/universe amd64 libamd3 amd64 1:7.6.1+dfsg-1build1
  403  Forbidden [IP : 2620:2d:4000:1::103 80]
Err :69 http://archive.ubuntu.com/ubuntu noble/universe amd64 libcamd3 amd64 1:7.6.1+dfsg-1build1
  403  Forbidden [IP : 2620:2d:4000:1::103 80]
Err :70 http://archive.ubuntu.com/ubuntu noble/universe amd64 libccolamd3 amd64 1:7.6.1+dfsg-1build1
  403  Forbidden [IP : 2620:2d:4000:1::103 80]
Err :71 http://archive.ubuntu.com/ubuntu noble/universe amd64 libcholmod5 amd64 1:7.6.1+dfsg-1build1
  403  Forbidden [IP : 2620:2d:4000:1::103 80]
Err :72 http://archive.ubuntu.com/ubuntu noble/universe amd64 libumfpack6 amd64 1:7.6.1+dfsg-1build1
  403  Forbidden [IP : 2620:2d:4000:1::103 80]
Ign :73 http://archive.ubuntu.com/ubuntu noble/universe amd64 libgegl-common all 1:0.4.48-2.4build2
Err :74 http://archive.ubuntu.com/ubuntu noble/universe amd64 libgegl-0.4-0t64 amd64 1:0.4.48-2.4build2
  403  Forbidden [IP : 2620:2d:4000:1::103 80]
Err :75 http://archive.ubuntu.com/ubuntu noble/main amd64 libgexiv2-2 amd64 0.14.2-2build3    
  403  Forbidden [IP : 2620:2d:4000:1::103 80]
Err :76 http://archive.ubuntu.com/ubuntu noble-updates/universe amd64 libgimp2.0t64 amd64 2.10.36-3ubuntu0.24.04.1
  403  Forbidden [IP : 2620:2d:4000:1::103 80]
Ign :77 http://archive.ubuntu.com/ubuntu noble-updates/universe amd64 gimp-data all 2.10.36-3ubuntu0.24.04.1
Err :78 http://archive.ubuntu.com/ubuntu noble/universe amd64 libann0 amd64 1.1.2+doc-9build1 
  403  Forbidden [IP : 2620:2d:4000:1::103 80]
Err :79 http://archive.ubuntu.com/ubuntu noble-updates/universe amd64 libcdt5 amd64 2.42.2-9ubuntu0.1
  403  Forbidden [IP : 2620:2d:4000:1::103 80]
Err :80 http://archive.ubuntu.com/ubuntu noble-updates/universe amd64 libcgraph6 amd64 2.42.2-9ubuntu0.1
  403  Forbidden [IP : 2620:2d:4000:1::103 80]
Err :81 http://archive.ubuntu.com/ubuntu noble/universe amd64 libgts-0.7-5t64 amd64 0.7.6+darcs121130-5.2build1
  403  Forbidden [IP : 2620:2d:4000:1::103 80]
Err :82 http://archive.ubuntu.com/ubuntu noble-updates/universe amd64 libpathplan4 amd64 2.42.2-9ubuntu0.1
  403  Forbidden [IP : 2620:2d:4000:1::103 80]
Err :83 http://archive.ubuntu.com/ubuntu noble-updates/universe amd64 libgvc6 amd64 2.42.2-9ubuntu0.1
  403  Forbidden [IP : 2620:2d:4000:1::103 80]
Err :84 http://archive.ubuntu.com/ubuntu noble-updates/universe amd64 libgvpr2 amd64 2.42.2-9ubuntu0.1
  403  Forbidden [IP : 2620:2d:4000:1::103 80]
Err :85 http://archive.ubuntu.com/ubuntu noble-updates/universe amd64 liblab-gamut1 amd64 2.42.2-9ubuntu0.1
  403  Forbidden [IP : 2620:2d:4000:1::103 80]
Err :86 http://archive.ubuntu.com/ubuntu noble-updates/universe amd64 graphviz amd64 2.42.2-9ubuntu0.1
  403  Forbidden [IP : 2620:2d:4000:1::103 80]
Ign :87 http://archive.ubuntu.com/ubuntu noble/universe amd64 libmypaint-common all 1.6.0-2build2
Err :88 http://archive.ubuntu.com/ubuntu noble/universe amd64 libmypaint-1.5-1 amd64 1.6.0-2build2
  403  Forbidden [IP : 2620:2d:4000:1::103 80]
Err :89 http://archive.ubuntu.com/ubuntu noble/main amd64 libwmflite-0.2-7 amd64 0.2.13-1.1build3
  403  Forbidden [IP : 2620:2d:4000:1::103 80]
Err :90 http://archive.ubuntu.com/ubuntu noble/main amd64 libwmf-0.2-7 amd64 0.2.13-1.1build3
  403  Forbidden [IP : 2620:2d:4000:1::103 80]
Err :91 http://archive.ubuntu.com/ubuntu noble-updates/universe amd64 gimp amd64 2.10.36-3ubuntu0.24.04.1
  403  Forbidden [IP : 2620:2d:4000:1::103 80]
Err :92 http://archive.ubuntu.com/ubuntu noble/main amd64 gir1.2-dbusmenu-glib-0.4 amd64 18.10.20180917~bzr492+repack1-3.1ubuntu5
  403  Forbidden [IP : 2620:2d:4000:1::103 80]
Err :93 http://archive.ubuntu.com/ubuntu noble/main amd64 libdee-1.0-4 amd64 1.2.7+17.10.20170616-7build5
  403  Forbidden [IP : 2620:2d:4000:1::103 80]
Err :94 http://archive.ubuntu.com/ubuntu noble/main amd64 gir1.2-dee-1.0 amd64 1.2.7+17.10.20170616-7build5
  403  Forbidden [IP : 2620:2d:4000:1::103 80]
Err :95 http://archive.ubuntu.com/ubuntu noble/main amd64 gir1.2-gudev-1.0 amd64 1:238-5ubuntu1
  403  Forbidden [IP : 2620:2d:4000:1::103 80]
Err :96 http://archive.ubuntu.com/ubuntu noble/main amd64 libunity-protocol-private0 amd64 7.1.4+19.04.20190319-6build4
  403  Forbidden [IP : 2620:2d:4000:1::103 80]
Ign :97 http://archive.ubuntu.com/ubuntu noble/main amd64 libunity-scopes-json-def-desktop all 7.1.4+19.04.20190319-6build4
Err :98 http://archive.ubuntu.com/ubuntu noble/main amd64 libunity9 amd64 7.1.4+19.04.20190319-6build4
  403  Forbidden [IP : 2620:2d:4000:1::103 80]
Err :99 http://archive.ubuntu.com/ubuntu noble/main amd64 gir1.2-unity-7.0 amd64 7.1.4+19.04.20190319-6build4
  403  Forbidden [IP : 2620:2d:4000:1::103 80]
Ign :100 http://archive.ubuntu.com/ubuntu noble-updates/universe amd64 libflatpak0 amd64 1.14.6-1ubuntu0.1
Err :101 http://archive.ubuntu.com/ubuntu noble/universe amd64 kde-config-flatpak amd64 5.27.11-0ubuntu2
  403  Forbidden [IP : 2620:2d:4000:1::103 80]
Réception de :56 http://security.ubuntu.com/ubuntu noble-updates/universe amd64 flatpak amd64 1.14.6-1ubuntu0.1 [1 350 kB]
Réception de :102 http://archive.ubuntu.com/ubuntu noble/main amd64 libatk-wrapper-java all 0.40.0-3build2 [54,3 kB]
Réception de :103 http://archive.ubuntu.com/ubuntu noble/main amd64 libatk-wrapper-java-jni amd64 0.40.0-3build2 [46,4 kB]
Réception de :104 http://archive.ubuntu.com/ubuntu noble/universe amd64 libbsh-java all 2.0b4-20 [289 kB]
Réception de :105 http://archive.ubuntu.com/ubuntu noble/universe amd64 libel-api-java all 3.0.0-3 [64,9 kB]
Réception de :106 http://archive.ubuntu.com/ubuntu noble/universe amd64 libgts-bin amd64 0.7.6+darcs121130-5.2build1 [44,0 kB]
Réception de :107 http://archive.ubuntu.com/ubuntu noble/universe amd64 libservlet-api-java all 4.0.1-2 [81,0 kB]
Réception de :108 http://archive.ubuntu.com/ubuntu noble/universe amd64 libjsp-api-java all 2.3.4-3 [53,7 kB]
Réception de :109 http://archive.ubuntu.com/ubuntu noble/universe amd64 libwebsocket-api-java all 1.1-2 [40,1 kB]
Réception de :110 http://archive.ubuntu.com/ubuntu noble/universe amd64 libservlet3.1-java all 1:4.0.1-2 [9 276 B]
Réception de :111 http://archive.ubuntu.com/ubuntu noble/universe amd64 libhsqldb1.8.0-java all 1.8.0.10+dfsg-12 [776 kB]
Réception de :112 http://archive.ubuntu.com/ubuntu noble-updates/main amd64 libunoloader-java all 4:24.2.7-0ubuntu0.24.04.4 [49,5 kB]
Réception de :113 http://archive.ubuntu.com/ubuntu noble-updates/main amd64 ure-java amd64 4:24.2.7-0ubuntu0.24.04.4 [174 kB]
Réception de :114 http://archive.ubuntu.com/ubuntu noble-updates/main amd64 liblibreoffice-java all 4:24.2.7-0ubuntu0.24.04.4 [1 617 kB]
Réception de :115 http://archive.ubuntu.com/ubuntu noble/main amd64 mysql-common all 5.8+1.1.0build1 [6 746 B]
Réception de :116 http://archive.ubuntu.com/ubuntu noble-updates/main amd64 libmysqlclient21 amd64 8.0.42-0ubuntu0.24.04.1 [1 254 kB]
Réception de :117 http://archive.ubuntu.com/ubuntu noble-updates/main amd64 libpq5 amd64 16.9-0ubuntu0.24.04.1 [143 kB]
Réception de :118 http://archive.ubuntu.com/ubuntu noble-updates/universe amd64 libreoffice-base-drivers amd64 4:24.2.7-0ubuntu0.24.04.4 [598 kB]
Réception de :119 http://archive.ubuntu.com/ubuntu noble-updates/universe amd64 libreoffice-uiconfig-base all 4:24.2.7-0ubuntu0.24.04.4 [84,0 kB]
Réception de :120 http://archive.ubuntu.com/ubuntu noble-updates/universe amd64 libreoffice-base amd64 4:24.2.7-0ubuntu0.24.04.4 [1 690 kB]
Réception de :121 http://archive.ubuntu.com/ubuntu noble-updates/universe amd64 libreoffice-report-builder-bin amd64 4:24.2.7-0ubuntu0.24.04.4 [991 kB]
Réception de :122 http://archive.ubuntu.com/ubuntu noble-updates/universe amd64 libreoffice amd64 4:24.2.7-0ubuntu0.24.04.4 [14,9 kB]
Réception de :123 http://archive.ubuntu.com/ubuntu noble-updates/main amd64 libreoffice-java-common all 4:24.2.7-0ubuntu0.24.04.4 [631 kB]
Réception de :124 http://archive.ubuntu.com/ubuntu noble-updates/universe amd64 libreoffice-uiconfig-report-builder all 4:24.2.7-0ubuntu0.24.04.4 [54,3 kB]
Réception de :125 http://archive.ubuntu.com/ubuntu noble-updates/universe amd64 libreoffice-report-builder all 4:24.2.7-0ubuntu0.24.04.4 [2 127 kB]
Réception de :126 http://archive.ubuntu.com/ubuntu noble-updates/universe amd64 libreoffice-script-provider-bsh all 4:24.2.7-0ubuntu0.24.04.4 [41,4 kB]
Réception de :127 http://archive.ubuntu.com/ubuntu noble-updates/universe amd64 libreoffice-script-provider-js all 4:24.2.7-0ubuntu0.24.04.4 [652 kB]
Réception de :128 http://archive.ubuntu.com/ubuntu noble-updates/universe amd64 libreoffice-script-provider-python all 4:24.2.7-0ubuntu0.24.04.4 [18,3 kB]
Réception de :129 http://archive.ubuntu.com/ubuntu noble-updates/universe amd64 libreoffice-sdbc-firebird amd64 4:24.2.7-0ubuntu0.24.04.4 [169 kB]
Réception de :130 http://archive.ubuntu.com/ubuntu noble-updates/universe amd64 libreoffice-sdbc-hsqldb amd64 4:24.2.7-0ubuntu0.24.04.4 [134 kB]
Réception de :131 http://archive.ubuntu.com/ubuntu noble-updates/universe amd64 libreoffice-sdbc-mysql amd64 4:24.2.7-0ubuntu0.24.04.4 [169 kB]
Réception de :132 http://archive.ubuntu.com/ubuntu noble-updates/universe amd64 libreoffice-sdbc-postgresql amd64 4:24.2.7-0ubuntu0.24.04.4 [280 kB]
Réception de :133 http://archive.ubuntu.com/ubuntu noble-updates/universe amd64 libreoffice-wiki-publisher all 4:1.2.0+LibO24.2.7-0ubuntu0.24.04.4 [1 499 kB]
Réception de :134 http://archive.ubuntu.com/ubuntu noble-updates/main amd64 nginx-common all 1.24.0-2ubuntu7.3 [31,2 kB]
Réception de :135 http://archive.ubuntu.com/ubuntu noble-updates/main amd64 nginx amd64 1.24.0-2ubuntu7.3 [520 kB]
Réception de :136 http://archive.ubuntu.com/ubuntu noble-updates/main amd64 php8.3-curl amd64 8.3.6-0ubuntu0.24.04.4 [40,3 kB]
Réception de :137 http://archive.ubuntu.com/ubuntu noble/main amd64 php-curl all 2:8.3+93ubuntu2 [1 836 B]
Réception de :138 http://archive.ubuntu.com/ubuntu noble-updates/universe amd64 php8.3-zip amd64 8.3.6-0ubuntu0.24.04.4 [29,5 kB]
Réception de :139 http://archive.ubuntu.com/ubuntu noble/universe amd64 php-zip all 2:8.3+93ubuntu2 [1 832 B]
Réception de :140 http://archive.ubuntu.com/ubuntu noble/universe amd64 tree amd64 2.1.1-2ubuntu3 [47,1 kB]
Réception de :141 http://archive.ubuntu.com/ubuntu noble/main amd64 usb-creator-gtk all 0.3.17 [22,4 kB]
Réception de :142 http://archive.ubuntu.com/ubuntu noble/universe amd64 vlc-bin amd64 3.0.20-3build6 [55,6 kB]
Réception de :143 http://archive.ubuntu.com/ubuntu noble/universe amd64 vlc-plugin-qt amd64 3.0.20-3build6 [1 106 kB]
Réception de :144 http://archive.ubuntu.com/ubuntu noble/universe amd64 vlc amd64 3.0.20-3build6 [36,6 kB]
Réception de :145 http://archive.ubuntu.com/ubuntu noble/universe amd64 vlc-l10n all 3.0.20-3build6 [6 512 kB]
Réception de :146 http://archive.ubuntu.com/ubuntu noble/universe amd64 vlc-plugin-access-extra amd64 3.0.20-3build6 [35,7 kB]
Réception de :147 http://archive.ubuntu.com/ubuntu noble/universe amd64 vlc-plugin-notify amd64 3.0.20-3build6 [19,1 kB]
Réception de :148 http://archive.ubuntu.com/ubuntu noble/universe amd64 vlc-plugin-samba amd64 3.0.20-3build6 [19,8 kB]
Réception de :149 http://archive.ubuntu.com/ubuntu noble/universe amd64 vlc-plugin-skins2 amd64 3.0.20-3build6 [479 kB]
Réception de :150 http://archive.ubuntu.com/ubuntu noble/universe amd64 vlc-plugin-video-splitter amd64 3.0.20-3build6 [46,9 kB]
Réception de :151 http://archive.ubuntu.com/ubuntu noble/universe amd64 vlc-plugin-visualization amd64 3.0.20-3build6 [44,3 kB]
Réception de :152 http://archive.ubuntu.com/ubuntu noble-updates/main amd64 libreoffice-nlpsolver all 4:0.9+LibO24.2.7-0ubuntu0.24.04.4 [744 kB]
Err :153 http://archive.ubuntu.com/ubuntu noble-updates/main amd64 p11-kit-modules amd64 0.25.3-4ubuntu2.1
  403  Forbidden [IP : 2620:2d:4000:1::103 80]
Err :154 http://archive.ubuntu.com/ubuntu noble-updates/main amd64 p11-kit amd64 0.25.3-4ubuntu2.1
  403  Forbidden [IP : 2620:2d:4000:1::103 80]
Err :57 http://archive.ubuntu.com/ubuntu noble/universe amd64 fonts-crosextra-caladea all 20200211-2
  403  Forbidden [IP : 2620:2d:4000:1::103 80]
Err :58 http://archive.ubuntu.com/ubuntu noble/universe amd64 fonts-crosextra-carlito all 20230309-2
  403  Forbidden [IP : 2620:2d:4000:1::103 80]
Err :59 http://archive.ubuntu.com/ubuntu noble/main amd64 fonts-dejavu-extra all 2.37-8
  403  Forbidden [IP : 2620:2d:4000:1::103 80]
Err :60 http://archive.ubuntu.com/ubuntu noble/universe amd64 fonts-dejavu all 2.37-8
  403  Forbidden [IP : 2620:2d:4000:1::103 80]
Err :61 http://archive.ubuntu.com/ubuntu noble/main amd64 fonts-freefont-ttf all 20211204+svn4273-2
  403  Forbidden [IP : 2620:2d:4000:1::103 80]
Err :62 http://archive.ubuntu.com/ubuntu noble/universe amd64 fonts-liberation2 all 1:2.1.5-3
  403  Forbidden [IP : 2620:2d:4000:1::103 80]
Err :63 http://archive.ubuntu.com/ubuntu noble/universe amd64 fonts-linuxlibertine all 5.3.0-6
  403  Forbidden [IP : 2620:2d:4000:1::103 80]
Err :64 http://archive.ubuntu.com/ubuntu noble/universe amd64 fonts-noto-extra all 20201225-2
  403  Forbidden [IP : 2620:2d:4000:1::103 80]
Err :65 http://archive.ubuntu.com/ubuntu noble/universe amd64 fonts-sil-gentium all 20081126:1.03-4
  403  Forbidden [IP : 2620:2d:4000:1::103 80]
Err :66 http://archive.ubuntu.com/ubuntu noble/universe amd64 fonts-sil-gentium-basic all 1.102-1.1
  403  Forbidden [IP : 2620:2d:4000:1::103 80]
Err :73 http://archive.ubuntu.com/ubuntu noble/universe amd64 libgegl-common all 1:0.4.48-2.4build2
  403  Forbidden [IP : 2620:2d:4000:1::103 80]
Err :77 http://archive.ubuntu.com/ubuntu noble-updates/universe amd64 gimp-data all 2.10.36-3ubuntu0.24.04.1
  403  Forbidden [IP : 2620:2d:4000:1::103 80]
Err :87 http://archive.ubuntu.com/ubuntu noble/universe amd64 libmypaint-common all 1.6.0-2build2
  403  Forbidden [IP : 2620:2d:4000:1::103 80]
Err :97 http://archive.ubuntu.com/ubuntu noble/main amd64 libunity-scopes-json-def-desktop all 7.1.4+19.04.20190319-6build4
  403  Forbidden [IP : 2620:2d:4000:1::103 80]
Réception de :100 http://security.ubuntu.com/ubuntu noble-updates/universe amd64 libflatpak0 amd64 1.14.6-1ubuntu0.1 [303 kB]
88,2 Mo réceptionnés en 2s (42,6 Mo/s)   
E: Impossible de récupérer http://archive.ubuntu.com/ubuntu/pool/universe/f/firebird3.0/firebird3.0-server-core_3.0.11.33703.ds4-2ubuntu2_amd64.deb  403  Forbidden [IP : 2620:2d:4000:1::103 80]
E: Impossible de récupérer http://archive.ubuntu.com/ubuntu/pool/universe/f/firebird3.0/firebird3.0-utils_3.0.11.33703.ds4-2ubuntu2_amd64.deb  403  Forbidden [IP : 2620:2d:4000:1::103 80]
E: Impossible de récupérer http://archive.ubuntu.com/ubuntu/pool/main/x/xdg-dbus-proxy/xdg-dbus-proxy_0.1.5-1build2_amd64.deb  403  Forbidden [IP : 2620:2d:4000:1::103 80]
E: Impossible de récupérer http://archive.ubuntu.com/ubuntu/pool/main/m/malcontent/libmalcontent-0-0_0.11.1-1ubuntu1.1_amd64.deb  403  Forbidden [IP : 2620:2d:4000:1::103 80]
E: Impossible de récupérer http://archive.ubuntu.com/ubuntu/pool/universe/o/ostree/libostree-1-1_2024.5-1build2_amd64.deb  403  Forbidden [IP : 2620:2d:4000:1::103 80]
E: Impossible de récupérer http://archive.ubuntu.com/ubuntu/pool/universe/f/fonts-crosextra-caladea/fonts-crosextra-caladea_20200211-2_all.deb  403  Forbidden [IP : 2620:2d:4000:1::103 80]
E: Impossible de récupérer http://archive.ubuntu.com/ubuntu/pool/universe/f/fonts-crosextra-carlito/fonts-crosextra-carlito_20230309-2_all.deb  403  Forbidden [IP : 2620:2d:4000:1::103 80]
E: Impossible de récupérer http://archive.ubuntu.com/ubuntu/pool/main/f/fonts-dejavu/fonts-dejavu-extra_2.37-8_all.deb  403  Forbidden [IP : 2620:2d:4000:1::103 80]
E: Impossible de récupérer http://archive.ubuntu.com/ubuntu/pool/universe/f/fonts-dejavu/fonts-dejavu_2.37-8_all.deb  403  Forbidden [IP : 2620:2d:4000:1::103 80]
E: Impossible de récupérer http://archive.ubuntu.com/ubuntu/pool/main/f/fonts-freefont/fonts-freefont-ttf_20211204%2bsvn4273-2_all.deb  403  Forbidden [IP : 2620:2d:4000:1::103 80]
E: Impossible de récupérer http://archive.ubuntu.com/ubuntu/pool/universe/f/fonts-liberation/fonts-liberation2_2.1.5-3_all.deb  403  Forbidden [IP : 2620:2d:4000:1::103 80]
E: Impossible de récupérer http://archive.ubuntu.com/ubuntu/pool/universe/f/fonts-linuxlibertine/fonts-linuxlibertine_5.3.0-6_all.deb  403  Forbidden [IP : 2620:2d:4000:1::103 80]
E: Impossible de récupérer http://archive.ubuntu.com/ubuntu/pool/universe/f/fonts-noto/fonts-noto-extra_20201225-2_all.deb  403  Forbidden [IP : 2620:2d:4000:1::103 80]
E: Impossible de récupérer http://archive.ubuntu.com/ubuntu/pool/universe/f/fonts-sil-gentium/fonts-sil-gentium_1.03-4_all.deb  403  Forbidden [IP : 2620:2d:4000:1::103 80]
E: Impossible de récupérer http://archive.ubuntu.com/ubuntu/pool/universe/f/fonts-sil-gentium-basic/fonts-sil-gentium-basic_1.102-1.1_all.deb  403  Forbidden [IP : 2620:2d:4000:1::103 80]
E: Impossible de récupérer http://archive.ubuntu.com/ubuntu/pool/universe/b/babl/libbabl-0.1-0_0.1.108-1_amd64.deb  403  Forbidden [IP : 2620:2d:4000:1::103 80]
E: Impossible de récupérer http://archive.ubuntu.com/ubuntu/pool/universe/s/suitesparse/libamd3_7.6.1%2bdfsg-1build1_amd64.deb  403  Forbidden [IP : 2620:2d:4000:1::103 80]
E: Impossible de récupérer http://archive.ubuntu.com/ubuntu/pool/universe/s/suitesparse/libcamd3_7.6.1%2bdfsg-1build1_amd64.deb  403  Forbidden [IP : 2620:2d:4000:1::103 80]
E: Impossible de récupérer http://archive.ubuntu.com/ubuntu/pool/universe/s/suitesparse/libccolamd3_7.6.1%2bdfsg-1build1_amd64.deb  403  Forbidden [IP : 2620:2d:4000:1::103 80]
E: Impossible de récupérer http://archive.ubuntu.com/ubuntu/pool/universe/s/suitesparse/libcholmod5_7.6.1%2bdfsg-1build1_amd64.deb  403  Forbidden [IP : 2620:2d:4000:1::103 80]
E: Impossible de récupérer http://archive.ubuntu.com/ubuntu/pool/universe/s/suitesparse/libumfpack6_7.6.1%2bdfsg-1build1_amd64.deb  403  Forbidden [IP : 2620:2d:4000:1::103 80]
E: Impossible de récupérer http://archive.ubuntu.com/ubuntu/pool/universe/g/gegl/libgegl-common_0.4.48-2.4build2_all.deb  403  Forbidden [IP : 2620:2d:4000:1::103 80]
E: Impossible de récupérer http://archive.ubuntu.com/ubuntu/pool/universe/g/gegl/libgegl-0.4-0t64_0.4.48-2.4build2_amd64.deb  403  Forbidden [IP : 2620:2d:4000:1::103 80]
E: Impossible de récupérer http://archive.ubuntu.com/ubuntu/pool/main/g/gexiv2/libgexiv2-2_0.14.2-2build3_amd64.deb  403  Forbidden [IP : 2620:2d:4000:1::103 80]
E: Impossible de récupérer http://archive.ubuntu.com/ubuntu/pool/universe/g/gimp/libgimp2.0t64_2.10.36-3ubuntu0.24.04.1_amd64.deb  403  Forbidden [IP : 2620:2d:4000:1::103 80]
E: Impossible de récupérer http://archive.ubuntu.com/ubuntu/pool/universe/g/gimp/gimp-data_2.10.36-3ubuntu0.24.04.1_all.deb  403  Forbidden [IP : 2620:2d:4000:1::103 80]
E: Impossible de récupérer http://archive.ubuntu.com/ubuntu/pool/universe/a/ann/libann0_1.1.2%2bdoc-9build1_amd64.deb  403  Forbidden [IP : 2620:2d:4000:1::103 80]
E: Impossible de récupérer http://archive.ubuntu.com/ubuntu/pool/universe/g/graphviz/libcdt5_2.42.2-9ubuntu0.1_amd64.deb  403  Forbidden [IP : 2620:2d:4000:1::103 80]
E: Impossible de récupérer http://archive.ubuntu.com/ubuntu/pool/universe/g/graphviz/libcgraph6_2.42.2-9ubuntu0.1_amd64.deb  403  Forbidden [IP : 2620:2d:4000:1::103 80]
E: Impossible de récupérer http://archive.ubuntu.com/ubuntu/pool/universe/g/gts/libgts-0.7-5t64_0.7.6%2bdarcs121130-5.2build1_amd64.deb  403  Forbidden [IP : 2620:2d:4000:1::103 80]
E: Impossible de récupérer http://archive.ubuntu.com/ubuntu/pool/universe/g/graphviz/libpathplan4_2.42.2-9ubuntu0.1_amd64.deb  403  Forbidden [IP : 2620:2d:4000:1::103 80]
E: Impossible de récupérer http://archive.ubuntu.com/ubuntu/pool/universe/g/graphviz/libgvc6_2.42.2-9ubuntu0.1_amd64.deb  403  Forbidden [IP : 2620:2d:4000:1::103 80]
E: Impossible de récupérer http://archive.ubuntu.com/ubuntu/pool/universe/g/graphviz/libgvpr2_2.42.2-9ubuntu0.1_amd64.deb  403  Forbidden [IP : 2620:2d:4000:1::103 80]
E: Impossible de récupérer http://archive.ubuntu.com/ubuntu/pool/universe/g/graphviz/liblab-gamut1_2.42.2-9ubuntu0.1_amd64.deb  403  Forbidden [IP : 2620:2d:4000:1::103 80]
E: Impossible de récupérer http://archive.ubuntu.com/ubuntu/pool/universe/g/graphviz/graphviz_2.42.2-9ubuntu0.1_amd64.deb  403  Forbidden [IP : 2620:2d:4000:1::103 80]
E: Impossible de récupérer http://archive.ubuntu.com/ubuntu/pool/universe/libm/libmypaint/libmypaint-common_1.6.0-2build2_all.deb  403  Forbidden [IP : 2620:2d:4000:1::103 80]
E: Impossible de récupérer http://archive.ubuntu.com/ubuntu/pool/universe/libm/libmypaint/libmypaint-1.5-1_1.6.0-2build2_amd64.deb  403  Forbidden [IP : 2620:2d:4000:1::103 80]
E: Impossible de récupérer http://archive.ubuntu.com/ubuntu/pool/main/libw/libwmf/libwmflite-0.2-7_0.2.13-1.1build3_amd64.deb  403  Forbidden [IP : 2620:2d:4000:1::103 80]
E: Impossible de récupérer http://archive.ubuntu.com/ubuntu/pool/main/libw/libwmf/libwmf-0.2-7_0.2.13-1.1build3_amd64.deb  403  Forbidden [IP : 2620:2d:4000:1::103 80]
E: Impossible de récupérer http://archive.ubuntu.com/ubuntu/pool/universe/g/gimp/gimp_2.10.36-3ubuntu0.24.04.1_amd64.deb  403  Forbidden [IP : 2620:2d:4000:1::103 80]
E: Impossible de récupérer http://archive.ubuntu.com/ubuntu/pool/main/libd/libdbusmenu/gir1.2-dbusmenu-glib-0.4_18.10.20180917%7ebzr492%2brepack1-3.1ubuntu5_amd64.deb  403  Forbidden [IP : 2620:2d:4000:1::103 80]
E: Impossible de récupérer http://archive.ubuntu.com/ubuntu/pool/main/d/dee/libdee-1.0-4_1.2.7%2b17.10.20170616-7build5_amd64.deb  403  Forbidden [IP : 2620:2d:4000:1::103 80]
E: Impossible de récupérer http://archive.ubuntu.com/ubuntu/pool/main/d/dee/gir1.2-dee-1.0_1.2.7%2b17.10.20170616-7build5_amd64.deb  403  Forbidden [IP : 2620:2d:4000:1::103 80]
E: Impossible de récupérer http://archive.ubuntu.com/ubuntu/pool/main/libg/libgudev/gir1.2-gudev-1.0_238-5ubuntu1_amd64.deb  403  Forbidden [IP : 2620:2d:4000:1::103 80]
E: Impossible de récupérer http://archive.ubuntu.com/ubuntu/pool/main/libu/libunity/libunity-protocol-private0_7.1.4%2b19.04.20190319-6build4_amd64.deb  403  Forbidden [IP : 2620:2d:4000:1::103 80]
E: Impossible de récupérer http://archive.ubuntu.com/ubuntu/pool/main/libu/libunity/libunity-scopes-json-def-desktop_7.1.4%2b19.04.20190319-6build4_all.deb  403  Forbidden [IP : 2620:2d:4000:1::103 80]
E: Impossible de récupérer http://archive.ubuntu.com/ubuntu/pool/main/libu/libunity/libunity9_7.1.4%2b19.04.20190319-6build4_amd64.deb  403  Forbidden [IP : 2620:2d:4000:1::103 80]
E: Impossible de récupérer http://archive.ubuntu.com/ubuntu/pool/main/libu/libunity/gir1.2-unity-7.0_7.1.4%2b19.04.20190319-6build4_amd64.deb  403  Forbidden [IP : 2620:2d:4000:1::103 80]
E: Impossible de récupérer http://archive.ubuntu.com/ubuntu/pool/universe/f/flatpak-kcm/kde-config-flatpak_5.27.11-0ubuntu2_amd64.deb  403  Forbidden [IP : 2620:2d:4000:1::103 80]
E: Impossible de récupérer http://archive.ubuntu.com/ubuntu/pool/main/p/p11-kit/p11-kit-modules_0.25.3-4ubuntu2.1_amd64.deb  403  Forbidden [IP : 2620:2d:4000:1::103 80]
E: Impossible de récupérer http://archive.ubuntu.com/ubuntu/pool/main/p/p11-kit/p11-kit_0.25.3-4ubuntu2.1_amd64.deb  403  Forbidden [IP : 2620:2d:4000:1::103 80]
E: Impossible de récupérer certaines archives, peut-être devrez-vous lancer apt-get update ou essayer avec --fix-missing ?
error: unknown flag `no-prompt'
Installation d'Heroic Game Launcher
Téléchargement de la version v2.17.0...
  % Total    % Received % Xferd  Average Speed   Time    Time     Time  Current
                                 Dload  Upload   Total   Spent    Left  Speed
  0     0    0     0    0     0      0      0 --:--:-- --:--:-- --:--:--     0
100  115M  100  115M    0     0  40.3M      0  0:00:02  0:00:02 --:--:-- 53.6M
Lecture des listes de paquets... Fait
Construction de l'arbre des dépendances... Fait
Lecture des informations d'état... Fait      
Note : sélection de « heroic » au lieu de « ./Heroic-2.17.0-linux-amd64.deb »
Les NOUVEAUX paquets suivants seront installés :
  heroic
0 mis à jour, 1 nouvellement installés, 0 à enlever et 1 non mis à jour.
Il est nécessaire de prendre 0 o/121 Mo dans les archives.
Après cette opération, 451 Mo d'espace disque supplémentaires seront utilisés.
Réception de :1 /home/adam/Heroic-2.17.0-linux-amd64.deb heroic amd64 2.17.0 [121 MB]
Sélection du paquet heroic précédemment désélectionné.
(Lecture de la base de données... 236299 fichiers et répertoires déjà installés.)
Préparation du dépaquetage de .../Heroic-2.17.0-linux-amd64.deb ...
Dépaquetage de heroic (2.17.0) ...
Paramétrage de heroic (2.17.0) ...
update-alternatives is /usr/bin/update-alternatives
update-alternatives: utilisation de « /opt/Heroic/heroic » pour fournir « /usr/bin/heroic » (heroic) en mode automatique
Traitement des actions différées (« triggers ») pour hicolor-icon-theme (0.17-2) ...
Traitement des actions différées (« triggers ») pour desktop-file-utils (0.27-2build1) ...
N: Le téléchargement est effectué en dehors du bac à sable en tant que « root » car le fichier « /home/adam/Heroic-2.17.0-linux-amd64.deb » n'est pas accessible par l'utilisateur « _apt ». - pkgAcquire::Run (13: Permission denied)
